[debug] [2020-01-23T14:27:04.763Z] ----------------------------------------------------------------------
[debug] [2020-01-23T14:27:04.764Z] Command:       /usr/local/bin/node /usr/local/bin/firebase serve
[debug] [2020-01-23T14:27:04.764Z] CLI Version:   7.7.0
[debug] [2020-01-23T14:27:04.764Z] Platform:      darwin
[debug] [2020-01-23T14:27:04.764Z] Node Version:  v12.12.0
[debug] [2020-01-23T14:27:04.765Z] Time:          Thu Jan 23 2020 19:57:04 GMT+0530 (India Standard Time)
[debug] [2020-01-23T14:27:04.765Z] ----------------------------------------------------------------------
[debug] [2020-01-23T14:27:04.765Z] 
[debug] [2020-01-23T14:27:04.773Z] > command requires scopes: ["email","openid","https://www.googleapis.com/auth/cloudplatformprojects.readonly","https://www.googleapis.com/auth/firebase","https://www.googleapis.com/auth/cloud-platform"]
[debug] [2020-01-23T14:27:04.774Z] > authorizing via signed-in user
[debug] [2020-01-23T14:27:04.774Z] [iam] checking project socialape-d8699 for permissions ["firebase.projects.get"]
[debug] [2020-01-23T14:27:04.775Z] >>> HTTP REQUEST POST https://cloudresourcemanager.googleapis.com/v1/projects/socialape-d8699:testIamPermissions  

[debug] [2020-01-23T14:27:06.595Z] <<< HTTP RESPONSE 200
[debug] [2020-01-23T14:27:06.597Z] >>> HTTP REQUEST GET https://firebase.googleapis.com/v1beta1/projects/socialape-d8699  
 
[debug] [2020-01-23T14:27:07.159Z] <<< HTTP RESPONSE 200
[info] 
[info] === Serving from '/Users/swetabjahazra/Desktop/AAAAps/socialape-backend'...
[info] 
[warn] ⚠  Your requested "node" version "8" doesn't match your global version "12"
[info] ✔  functions: Emulator started at http://localhost:5000
[info] i  functions: Watching "/Users/swetabjahazra/Desktop/AAAAps/socialape-backend/functions" for Cloud Functions...
[debug] [2020-01-23T14:27:07.437Z] [worker-~diagnostic~-c930c0c1-f71b-4344-8c5c-1b8bb587f252]: BUSY
[debug] [2020-01-23T14:27:07.636Z] [runtime-status] Functions runtime initialized. {"cwd":"/Users/swetabjahazra/Desktop/AAAAps/socialape-backend/functions","node_version":"12.12.0"}
[debug] [2020-01-23T14:27:07.636Z] [runtime-status] Disabled runtime features: {"functions_config_helper":true,"network_filtering":true,"timeout":true,"memory_limiting":true,"admin_stubs":true} {}
[debug] [2020-01-23T14:27:07.638Z] [runtime-status] Resolved module firebase-admin {"declared":true,"installed":true,"version":"8.7.0","resolution":"/Users/swetabjahazra/Desktop/AAAAps/socialape-backend/functions/node_modules/firebase-admin/lib/index.js"}
[debug] [2020-01-23T14:27:07.639Z] [runtime-status] Resolved module firebase-functions {"declared":true,"installed":true,"version":"3.3.0","resolution":"/Users/swetabjahazra/Desktop/AAAAps/socialape-backend/functions/node_modules/firebase-functions/lib/index.js"}
[debug] [2020-01-23T14:27:07.640Z] [runtime-status] Resolved module firebase-functions {"declared":true,"installed":true,"version":"3.3.0","resolution":"/Users/swetabjahazra/Desktop/AAAAps/socialape-backend/functions/node_modules/firebase-functions/lib/index.js"}
[info] ✔  functions[api]: http function initialized (http://localhost:5000/socialape-d8699/us-central1/api).
[info] i  functions[createNotificationOnLike]: function ignored because the firestore emulator does not exist or is not running.
[info] i  functions[deleteNotificationOnUnlike]: function ignored because the firestore emulator does not exist or is not running.
[info] i  functions[createNotificationOnComment]: function ignored because the firestore emulator does not exist or is not running.
[info] i  functions[onUserImageChange]: function ignored because the firestore emulator does not exist or is not running.
[info] i  functions[onScreamDelete]: function ignored because the firestore emulator does not exist or is not running.
[debug] [2020-01-23T14:27:07.942Z] [worker-~diagnostic~-c930c0c1-f71b-4344-8c5c-1b8bb587f252]: exited
[debug] [2020-01-23T14:27:07.943Z] [worker-~diagnostic~-c930c0c1-f71b-4344-8c5c-1b8bb587f252]: FINISHED
[debug] [2020-01-23T14:27:23.864Z] Accepted request POST /socialape-d8699/us-central1/api/addExtraUserDetails --> api
[debug] [2020-01-23T14:27:23.870Z] [worker-api-392c8ab1-d780-4a73-b63a-37937a006311]: BUSY
[debug] [2020-01-23T14:27:24.083Z] [runtime-status] Functions runtime initialized. {"cwd":"/Users/swetabjahazra/Desktop/AAAAps/socialape-backend/functions","node_version":"12.12.0"}
[debug] [2020-01-23T14:27:24.085Z] [runtime-status] Disabled runtime features: {"functions_config_helper":true,"network_filtering":true,"timeout":true,"memory_limiting":true,"admin_stubs":true} {}
[debug] [2020-01-23T14:27:24.087Z] [runtime-status] Resolved module firebase-admin {"declared":true,"installed":true,"version":"8.7.0","resolution":"/Users/swetabjahazra/Desktop/AAAAps/socialape-backend/functions/node_modules/firebase-admin/lib/index.js"}
[debug] [2020-01-23T14:27:24.088Z] [runtime-status] Resolved module firebase-functions {"declared":true,"installed":true,"version":"3.3.0","resolution":"/Users/swetabjahazra/Desktop/AAAAps/socialape-backend/functions/node_modules/firebase-functions/lib/index.js"}
[debug] [2020-01-23T14:27:24.088Z] [runtime-status] Resolved module firebase-functions {"declared":true,"installed":true,"version":"3.3.0","resolution":"/Users/swetabjahazra/Desktop/AAAAps/socialape-backend/functions/node_modules/firebase-functions/lib/index.js"}
[debug] [2020-01-23T14:27:24.376Z] [runtime-status] Trigger "api" has been found, beginning invocation! {}
[info] i  functions: Beginning execution of "api"
[debug] [2020-01-23T14:27:24.377Z] [runtime-status]  {"httpsTrigger":{},"name":"api","entryPoint":"api"}
[debug] [2020-01-23T14:27:24.377Z] [runtime-status] Running api in mode HTTPS {}
[debug] [2020-01-23T14:27:24.387Z] {"socketPath":"/var/folders/5r/m4gt2p_15zz_bh_mb537lq0r0000gn/T/firebase_emulator_invocation_1811.sock"}
[debug] [2020-01-23T14:27:24.389Z] [functions] Runtime ready! Sending request! {"socketPath":"/var/folders/5r/m4gt2p_15zz_bh_mb537lq0r0000gn/T/firebase_emulator_invocation_1811.sock"}
[debug] [2020-01-23T14:27:24.409Z] [runtime-status] Ephemeral server used! {}
[debug] [2020-01-23T14:27:24.645Z] [runtime-status] Ephemeral server survived. {}
[info] i  functions: Finished "api" in ~1s
[debug] [2020-01-23T14:27:25.495Z] [worker-api-392c8ab1-d780-4a73-b63a-37937a006311]: IDLE
[debug] [2020-01-23T14:28:36.990Z] Accepted request POST /socialape-d8699/us-central1/api/addScreamTags --> api
[debug] [2020-01-23T14:28:36.991Z] [worker-api-392c8ab1-d780-4a73-b63a-37937a006311]: BUSY
[debug] [2020-01-23T14:28:36.992Z] [runtime-status] Trigger "api" has been found, beginning invocation! {}
[info] i  functions: Beginning execution of "api"
[debug] [2020-01-23T14:28:36.992Z] [runtime-status]  {"httpsTrigger":{},"name":"api","entryPoint":"api"}
[debug] [2020-01-23T14:28:36.993Z] [runtime-status] Running api in mode HTTPS {}
[debug] [2020-01-23T14:28:36.993Z] {"socketPath":"/var/folders/5r/m4gt2p_15zz_bh_mb537lq0r0000gn/T/firebase_emulator_invocation_1811.sock"}
[debug] [2020-01-23T14:28:36.994Z] [functions] Runtime ready! Sending request! {"socketPath":"/var/folders/5r/m4gt2p_15zz_bh_mb537lq0r0000gn/T/firebase_emulator_invocation_1811.sock"}
[debug] [2020-01-23T14:28:36.998Z] [runtime-status] Ephemeral server used! {}
[debug] [2020-01-23T14:28:36.999Z] [runtime-status] Ephemeral server survived. {}
[info] >  [ undefined, undefined, undefined, undefined, undefined ]
[info] >  Error: Update() requires either a single JavaScript object or an alternating list of field/value pairs that can be followed by an optional precondition. Value for argument "dataOrField" is not a valid Firestore value. Cannot use "undefined" as a Firestore value (found in field tagList.`0`).
[info] >      at WriteBatch.update (/Users/swetabjahazra/Desktop/AAAAps/socialape-backend/functions/node_modules/@google-cloud/firestore/build/src/write-batch.js:358:23)
[info] >      at DocumentReference.update (/Users/swetabjahazra/Desktop/AAAAps/socialape-backend/functions/node_modules/@google-cloud/firestore/build/src/reference.js:371:14)
[info] >      at /Users/swetabjahazra/Desktop/AAAAps/socialape-backend/functions/handlers/utilRoutes.js:96:17
[info] >      at QuerySnapshot.forEach (/Users/swetabjahazra/Desktop/AAAAps/socialape-backend/functions/node_modules/@google-cloud/firestore/build/src/reference.js:727:22)
[info] >      at /Users/swetabjahazra/Desktop/AAAAps/socialape-backend/functions/handlers/utilRoutes.js:89:16
[info] >      at processTicksAndRejections (internal/process/task_queues.js:93:5)
[info] i  functions: Finished "api" in ~1s
[debug] [2020-01-23T14:28:37.252Z] [worker-api-392c8ab1-d780-4a73-b63a-37937a006311]: IDLE
[debug] [2020-01-23T14:29:12.323Z] File /Users/swetabjahazra/Desktop/AAAAps/socialape-backend/functions/handlers/utilRoutes.js changed, reloading triggers
[debug] [2020-01-23T14:29:13.328Z] [worker-pool]: Shutting down IDLE worker (api)
[debug] [2020-01-23T14:29:13.334Z] [worker-~diagnostic~-7bb1dd15-1367-4ea0-9eb8-d8b44bcb3240]: BUSY
[debug] [2020-01-23T14:29:13.338Z] [worker-api-392c8ab1-d780-4a73-b63a-37937a006311]: exited
[debug] [2020-01-23T14:29:13.338Z] [worker-api-392c8ab1-d780-4a73-b63a-37937a006311]: FINISHED
[debug] [2020-01-23T14:29:13.643Z] [runtime-status] Functions runtime initialized. {"cwd":"/Users/swetabjahazra/Desktop/AAAAps/socialape-backend/functions","node_version":"12.12.0"}
[debug] [2020-01-23T14:29:13.644Z] [runtime-status] Disabled runtime features: {"functions_config_helper":true,"network_filtering":true,"timeout":true,"memory_limiting":true,"admin_stubs":true} {}
[debug] [2020-01-23T14:29:13.646Z] [runtime-status] Resolved module firebase-admin {"declared":true,"installed":true,"version":"8.7.0","resolution":"/Users/swetabjahazra/Desktop/AAAAps/socialape-backend/functions/node_modules/firebase-admin/lib/index.js"}
[debug] [2020-01-23T14:29:13.647Z] [runtime-status] Resolved module firebase-functions {"declared":true,"installed":true,"version":"3.3.0","resolution":"/Users/swetabjahazra/Desktop/AAAAps/socialape-backend/functions/node_modules/firebase-functions/lib/index.js"}
[debug] [2020-01-23T14:29:13.648Z] [runtime-status] Resolved module firebase-functions {"declared":true,"installed":true,"version":"3.3.0","resolution":"/Users/swetabjahazra/Desktop/AAAAps/socialape-backend/functions/node_modules/firebase-functions/lib/index.js"}
[debug] [2020-01-23T14:29:14.103Z] [worker-~diagnostic~-7bb1dd15-1367-4ea0-9eb8-d8b44bcb3240]: exited
[debug] [2020-01-23T14:29:14.104Z] [worker-~diagnostic~-7bb1dd15-1367-4ea0-9eb8-d8b44bcb3240]: FINISHED
[debug] [2020-01-23T14:29:14.774Z] Accepted request POST /socialape-d8699/us-central1/api/addScreamTags --> api
[debug] [2020-01-23T14:29:14.779Z] [worker-api-14ab6ae2-1e75-4183-af0f-32f59162369f]: BUSY
[debug] [2020-01-23T14:29:15.002Z] [runtime-status] Functions runtime initialized. {"cwd":"/Users/swetabjahazra/Desktop/AAAAps/socialape-backend/functions","node_version":"12.12.0"}
[debug] [2020-01-23T14:29:15.004Z] [runtime-status] Disabled runtime features: {"functions_config_helper":true,"network_filtering":true,"timeout":true,"memory_limiting":true,"admin_stubs":true} {}
[debug] [2020-01-23T14:29:15.006Z] [runtime-status] Resolved module firebase-admin {"declared":true,"installed":true,"version":"8.7.0","resolution":"/Users/swetabjahazra/Desktop/AAAAps/socialape-backend/functions/node_modules/firebase-admin/lib/index.js"}
[debug] [2020-01-23T14:29:15.007Z] [runtime-status] Resolved module firebase-functions {"declared":true,"installed":true,"version":"3.3.0","resolution":"/Users/swetabjahazra/Desktop/AAAAps/socialape-backend/functions/node_modules/firebase-functions/lib/index.js"}
[debug] [2020-01-23T14:29:15.008Z] [runtime-status] Resolved module firebase-functions {"declared":true,"installed":true,"version":"3.3.0","resolution":"/Users/swetabjahazra/Desktop/AAAAps/socialape-backend/functions/node_modules/firebase-functions/lib/index.js"}
[debug] [2020-01-23T14:29:15.313Z] [runtime-status] Trigger "api" has been found, beginning invocation! {}
[info] i  functions: Beginning execution of "api"
[debug] [2020-01-23T14:29:15.313Z] [runtime-status]  {"httpsTrigger":{},"name":"api","entryPoint":"api"}
[debug] [2020-01-23T14:29:15.313Z] [runtime-status] Running api in mode HTTPS {}
[debug] [2020-01-23T14:29:15.320Z] {"socketPath":"/var/folders/5r/m4gt2p_15zz_bh_mb537lq0r0000gn/T/firebase_emulator_invocation_1822.sock"}
[debug] [2020-01-23T14:29:15.321Z] [functions] Runtime ready! Sending request! {"socketPath":"/var/folders/5r/m4gt2p_15zz_bh_mb537lq0r0000gn/T/firebase_emulator_invocation_1822.sock"}
[debug] [2020-01-23T14:29:15.345Z] [runtime-status] Ephemeral server used! {}
[debug] [2020-01-23T14:29:15.569Z] [runtime-status] Ephemeral server survived. {}
[info] >  [ undefined, undefined, undefined, undefined, undefined ]
[info] >  Error: Update() requires either a single JavaScript object or an alternating list of field/value pairs that can be followed by an optional precondition. Value for argument "dataOrField" is not a valid Firestore value. Cannot use "undefined" as a Firestore value (found in field tagList.`0`).
[info] >      at WriteBatch.update (/Users/swetabjahazra/Desktop/AAAAps/socialape-backend/functions/node_modules/@google-cloud/firestore/build/src/write-batch.js:358:23)
[info] >      at DocumentReference.update (/Users/swetabjahazra/Desktop/AAAAps/socialape-backend/functions/node_modules/@google-cloud/firestore/build/src/reference.js:371:14)
[info] >      at /Users/swetabjahazra/Desktop/AAAAps/socialape-backend/functions/handlers/utilRoutes.js:96:17
[info] >      at QuerySnapshot.forEach (/Users/swetabjahazra/Desktop/AAAAps/socialape-backend/functions/node_modules/@google-cloud/firestore/build/src/reference.js:727:22)
[info] >      at /Users/swetabjahazra/Desktop/AAAAps/socialape-backend/functions/handlers/utilRoutes.js:89:16
[info] >      at processTicksAndRejections (internal/process/task_queues.js:93:5)
[info] i  functions: Finished "api" in ~1s
[debug] [2020-01-23T14:29:16.410Z] [worker-api-14ab6ae2-1e75-4183-af0f-32f59162369f]: IDLE
[debug] [2020-01-23T14:32:18.749Z] File /Users/swetabjahazra/Desktop/AAAAps/socialape-backend/functions/handlers/utilRoutes.js changed, reloading triggers
[debug] [2020-01-23T14:32:19.751Z] [worker-pool]: Shutting down IDLE worker (api)
[debug] [2020-01-23T14:32:19.756Z] [worker-~diagnostic~-d647583e-5484-4d66-9be3-b74e0ca5f2c6]: BUSY
[debug] [2020-01-23T14:32:19.761Z] [worker-api-14ab6ae2-1e75-4183-af0f-32f59162369f]: exited
[debug] [2020-01-23T14:32:19.761Z] [worker-api-14ab6ae2-1e75-4183-af0f-32f59162369f]: FINISHED
[debug] [2020-01-23T14:32:19.980Z] [runtime-status] Functions runtime initialized. {"cwd":"/Users/swetabjahazra/Desktop/AAAAps/socialape-backend/functions","node_version":"12.12.0"}
[debug] [2020-01-23T14:32:19.982Z] [runtime-status] Disabled runtime features: {"functions_config_helper":true,"network_filtering":true,"timeout":true,"memory_limiting":true,"admin_stubs":true} {}
[debug] [2020-01-23T14:32:19.984Z] [runtime-status] Resolved module firebase-admin {"declared":true,"installed":true,"version":"8.7.0","resolution":"/Users/swetabjahazra/Desktop/AAAAps/socialape-backend/functions/node_modules/firebase-admin/lib/index.js"}
[debug] [2020-01-23T14:32:19.985Z] [runtime-status] Resolved module firebase-functions {"declared":true,"installed":true,"version":"3.3.0","resolution":"/Users/swetabjahazra/Desktop/AAAAps/socialape-backend/functions/node_modules/firebase-functions/lib/index.js"}
[debug] [2020-01-23T14:32:19.985Z] [runtime-status] Resolved module firebase-functions {"declared":true,"installed":true,"version":"3.3.0","resolution":"/Users/swetabjahazra/Desktop/AAAAps/socialape-backend/functions/node_modules/firebase-functions/lib/index.js"}
[debug] [2020-01-23T14:32:20.303Z] [worker-~diagnostic~-d647583e-5484-4d66-9be3-b74e0ca5f2c6]: exited
[debug] [2020-01-23T14:32:20.303Z] [worker-~diagnostic~-d647583e-5484-4d66-9be3-b74e0ca5f2c6]: FINISHED
[debug] [2020-01-23T14:32:21.215Z] Accepted request POST /socialape-d8699/us-central1/api/addScreamTags --> api
[debug] [2020-01-23T14:32:21.220Z] [worker-api-1202b407-ec17-4404-aae5-f1ba126fb85d]: BUSY
[debug] [2020-01-23T14:32:21.456Z] [runtime-status] Functions runtime initialized. {"cwd":"/Users/swetabjahazra/Desktop/AAAAps/socialape-backend/functions","node_version":"12.12.0"}
[debug] [2020-01-23T14:32:21.457Z] [runtime-status] Disabled runtime features: {"functions_config_helper":true,"network_filtering":true,"timeout":true,"memory_limiting":true,"admin_stubs":true} {}
[debug] [2020-01-23T14:32:21.459Z] [runtime-status] Resolved module firebase-admin {"declared":true,"installed":true,"version":"8.7.0","resolution":"/Users/swetabjahazra/Desktop/AAAAps/socialape-backend/functions/node_modules/firebase-admin/lib/index.js"}
[debug] [2020-01-23T14:32:21.460Z] [runtime-status] Resolved module firebase-functions {"declared":true,"installed":true,"version":"3.3.0","resolution":"/Users/swetabjahazra/Desktop/AAAAps/socialape-backend/functions/node_modules/firebase-functions/lib/index.js"}
[debug] [2020-01-23T14:32:21.461Z] [runtime-status] Resolved module firebase-functions {"declared":true,"installed":true,"version":"3.3.0","resolution":"/Users/swetabjahazra/Desktop/AAAAps/socialape-backend/functions/node_modules/firebase-functions/lib/index.js"}
[debug] [2020-01-23T14:32:21.783Z] [runtime-status] Trigger "api" has been found, beginning invocation! {}
[info] i  functions: Beginning execution of "api"
[debug] [2020-01-23T14:32:21.784Z] [runtime-status]  {"httpsTrigger":{},"name":"api","entryPoint":"api"}
[debug] [2020-01-23T14:32:21.784Z] [runtime-status] Running api in mode HTTPS {}
[debug] [2020-01-23T14:32:21.790Z] {"socketPath":"/var/folders/5r/m4gt2p_15zz_bh_mb537lq0r0000gn/T/firebase_emulator_invocation_1835.sock"}
[debug] [2020-01-23T14:32:21.791Z] [functions] Runtime ready! Sending request! {"socketPath":"/var/folders/5r/m4gt2p_15zz_bh_mb537lq0r0000gn/T/firebase_emulator_invocation_1835.sock"}
[debug] [2020-01-23T14:32:21.816Z] [runtime-status] Ephemeral server used! {}
[info] >  
[debug] [2020-01-23T14:32:22.048Z] [runtime-status] Ephemeral server survived. {}
[info] >  [ undefined, undefined, undefined, undefined, undefined ]
[info] >  Error: Update() requires either a single JavaScript object or an alternating list of field/value pairs that can be followed by an optional precondition. Value for argument "dataOrField" is not a valid Firestore value. Cannot use "undefined" as a Firestore value (found in field tagList.`0`).
[info] >      at WriteBatch.update (/Users/swetabjahazra/Desktop/AAAAps/socialape-backend/functions/node_modules/@google-cloud/firestore/build/src/write-batch.js:358:23)
[info] >      at DocumentReference.update (/Users/swetabjahazra/Desktop/AAAAps/socialape-backend/functions/node_modules/@google-cloud/firestore/build/src/reference.js:371:14)
[info] >      at /Users/swetabjahazra/Desktop/AAAAps/socialape-backend/functions/handlers/utilRoutes.js:97:17
[info] >      at QuerySnapshot.forEach (/Users/swetabjahazra/Desktop/AAAAps/socialape-backend/functions/node_modules/@google-cloud/firestore/build/src/reference.js:727:22)
[info] >      at /Users/swetabjahazra/Desktop/AAAAps/socialape-backend/functions/handlers/utilRoutes.js:90:16
[info] >      at processTicksAndRejections (internal/process/task_queues.js:93:5)
[info] i  functions: Finished "api" in ~1s
[debug] [2020-01-23T14:32:22.817Z] [worker-api-1202b407-ec17-4404-aae5-f1ba126fb85d]: IDLE
[debug] [2020-01-23T14:35:17.559Z] File /Users/swetabjahazra/Desktop/AAAAps/socialape-backend/functions/handlers/utilRoutes.js changed, reloading triggers
[debug] [2020-01-23T14:35:18.563Z] [worker-pool]: Shutting down IDLE worker (api)
[debug] [2020-01-23T14:35:18.578Z] [worker-~diagnostic~-0f705643-0435-48e8-8ac0-441e5efaba9c]: BUSY
[debug] [2020-01-23T14:35:18.579Z] [worker-api-1202b407-ec17-4404-aae5-f1ba126fb85d]: exited
[debug] [2020-01-23T14:35:18.579Z] [worker-api-1202b407-ec17-4404-aae5-f1ba126fb85d]: FINISHED
[debug] [2020-01-23T14:35:18.867Z] [runtime-status] Functions runtime initialized. {"cwd":"/Users/swetabjahazra/Desktop/AAAAps/socialape-backend/functions","node_version":"12.12.0"}
[debug] [2020-01-23T14:35:18.869Z] [runtime-status] Disabled runtime features: {"functions_config_helper":true,"network_filtering":true,"timeout":true,"memory_limiting":true,"admin_stubs":true} {}
[debug] [2020-01-23T14:35:18.871Z] [runtime-status] Resolved module firebase-admin {"declared":true,"installed":true,"version":"8.7.0","resolution":"/Users/swetabjahazra/Desktop/AAAAps/socialape-backend/functions/node_modules/firebase-admin/lib/index.js"}
[debug] [2020-01-23T14:35:18.872Z] [runtime-status] Resolved module firebase-functions {"declared":true,"installed":true,"version":"3.3.0","resolution":"/Users/swetabjahazra/Desktop/AAAAps/socialape-backend/functions/node_modules/firebase-functions/lib/index.js"}
[debug] [2020-01-23T14:35:18.872Z] [runtime-status] Resolved module firebase-functions {"declared":true,"installed":true,"version":"3.3.0","resolution":"/Users/swetabjahazra/Desktop/AAAAps/socialape-backend/functions/node_modules/firebase-functions/lib/index.js"}
[debug] [2020-01-23T14:35:19.344Z] [worker-~diagnostic~-0f705643-0435-48e8-8ac0-441e5efaba9c]: exited
[debug] [2020-01-23T14:35:19.344Z] [worker-~diagnostic~-0f705643-0435-48e8-8ac0-441e5efaba9c]: FINISHED
[debug] [2020-01-23T14:35:22.620Z] Accepted request POST /socialape-d8699/us-central1/api/addScreamTags --> api
[debug] [2020-01-23T14:35:22.625Z] [worker-api-d498678d-7ce3-416e-a0e7-c7b0da12ae61]: BUSY
[debug] [2020-01-23T14:35:22.844Z] [runtime-status] Functions runtime initialized. {"cwd":"/Users/swetabjahazra/Desktop/AAAAps/socialape-backend/functions","node_version":"12.12.0"}
[debug] [2020-01-23T14:35:22.846Z] [runtime-status] Disabled runtime features: {"functions_config_helper":true,"network_filtering":true,"timeout":true,"memory_limiting":true,"admin_stubs":true} {}
[debug] [2020-01-23T14:35:22.849Z] [runtime-status] Resolved module firebase-admin {"declared":true,"installed":true,"version":"8.7.0","resolution":"/Users/swetabjahazra/Desktop/AAAAps/socialape-backend/functions/node_modules/firebase-admin/lib/index.js"}
[debug] [2020-01-23T14:35:22.850Z] [runtime-status] Resolved module firebase-functions {"declared":true,"installed":true,"version":"3.3.0","resolution":"/Users/swetabjahazra/Desktop/AAAAps/socialape-backend/functions/node_modules/firebase-functions/lib/index.js"}
[debug] [2020-01-23T14:35:22.851Z] [runtime-status] Resolved module firebase-functions {"declared":true,"installed":true,"version":"3.3.0","resolution":"/Users/swetabjahazra/Desktop/AAAAps/socialape-backend/functions/node_modules/firebase-functions/lib/index.js"}
[debug] [2020-01-23T14:35:23.184Z] [runtime-status] Trigger "api" has been found, beginning invocation! {}
[info] i  functions: Beginning execution of "api"
[debug] [2020-01-23T14:35:23.185Z] [runtime-status]  {"httpsTrigger":{},"name":"api","entryPoint":"api"}
[debug] [2020-01-23T14:35:23.185Z] [runtime-status] Running api in mode HTTPS {}
[debug] [2020-01-23T14:35:23.190Z] {"socketPath":"/var/folders/5r/m4gt2p_15zz_bh_mb537lq0r0000gn/T/firebase_emulator_invocation_1848.sock"}
[debug] [2020-01-23T14:35:23.191Z] [functions] Runtime ready! Sending request! {"socketPath":"/var/folders/5r/m4gt2p_15zz_bh_mb537lq0r0000gn/T/firebase_emulator_invocation_1848.sock"}
[debug] [2020-01-23T14:35:23.212Z] [runtime-status] Ephemeral server used! {}
[debug] [2020-01-23T14:35:23.458Z] [runtime-status] Ephemeral server survived. {}
[info] >  QuerySnapshot {
[info] >    _query: CollectionReference {
[info] >      _firestore: Firestore {
[info] >        _settings: [Object],
[info] >        _settingsFrozen: true,
[info] >        _serializer: [Serializer],
[info] >        _projectId: 'socialape-d8699',
[info] >        _lastSuccessfulRequest: 1579790124205,
[info] >        _preferTransactions: false,
[info] >        _clientPool: [ClientPool]
[info] >      },
[info] >      _queryOptions: QueryOptions {
[info] >        parentPath: [ResourcePath],
[info] >        collectionId: 'tags',
[info] >        allDescendants: false,
[info] >        fieldFilters: [],
[info] >        fieldOrders: [],
[info] >        startAt: undefined,
[info] >        endAt: undefined,
[info] >        limit: undefined,
[info] >        offset: undefined,
[info] >        projection: undefined
[info] >      },
[info] >      _serializer: Serializer {
[info] >        createReference: [Function],
[info] >        timestampsInSnapshots: true
[info] >      }
[info] >    },
[info] >    _readTime: Timestamp { _seconds: 1579790124, _nanoseconds: 103409000 },
[info] >    _size: 25,
[info] >    _materializedDocs: null,
[info] >    _materializedChanges: null,
[info] >    _docs: [Function],
[info] >    _changes: [Function]
[info] >  }
[info] i  functions: Finished "api" in ~1s
[debug] [2020-01-23T14:35:24.222Z] [worker-api-d498678d-7ce3-416e-a0e7-c7b0da12ae61]: IDLE
[debug] [2020-01-23T14:36:07.764Z] File /Users/swetabjahazra/Desktop/AAAAps/socialape-backend/functions/handlers/utilRoutes.js changed, reloading triggers
[debug] [2020-01-23T14:36:08.768Z] [worker-pool]: Shutting down IDLE worker (api)
[debug] [2020-01-23T14:36:08.772Z] [worker-~diagnostic~-3caf3e5b-1d91-4be2-8410-4513b0177e9d]: BUSY
[debug] [2020-01-23T14:36:08.777Z] [worker-api-d498678d-7ce3-416e-a0e7-c7b0da12ae61]: exited
[debug] [2020-01-23T14:36:08.777Z] [worker-api-d498678d-7ce3-416e-a0e7-c7b0da12ae61]: FINISHED
[debug] [2020-01-23T14:36:08.967Z] [runtime-status] Functions runtime initialized. {"cwd":"/Users/swetabjahazra/Desktop/AAAAps/socialape-backend/functions","node_version":"12.12.0"}
[debug] [2020-01-23T14:36:08.968Z] [runtime-status] Disabled runtime features: {"functions_config_helper":true,"network_filtering":true,"timeout":true,"memory_limiting":true,"admin_stubs":true} {}
[debug] [2020-01-23T14:36:08.970Z] [runtime-status] Resolved module firebase-admin {"declared":true,"installed":true,"version":"8.7.0","resolution":"/Users/swetabjahazra/Desktop/AAAAps/socialape-backend/functions/node_modules/firebase-admin/lib/index.js"}
[debug] [2020-01-23T14:36:08.971Z] [runtime-status] Resolved module firebase-functions {"declared":true,"installed":true,"version":"3.3.0","resolution":"/Users/swetabjahazra/Desktop/AAAAps/socialape-backend/functions/node_modules/firebase-functions/lib/index.js"}
[debug] [2020-01-23T14:36:08.972Z] [runtime-status] Resolved module firebase-functions {"declared":true,"installed":true,"version":"3.3.0","resolution":"/Users/swetabjahazra/Desktop/AAAAps/socialape-backend/functions/node_modules/firebase-functions/lib/index.js"}
[debug] [2020-01-23T14:36:09.272Z] [worker-~diagnostic~-3caf3e5b-1d91-4be2-8410-4513b0177e9d]: exited
[debug] [2020-01-23T14:36:09.272Z] [worker-~diagnostic~-3caf3e5b-1d91-4be2-8410-4513b0177e9d]: FINISHED
[debug] [2020-01-23T14:36:09.400Z] Accepted request POST /socialape-d8699/us-central1/api/addScreamTags --> api
[debug] [2020-01-23T14:36:09.405Z] [worker-api-7b0a0cb3-e2b5-49d5-bfa7-b940a23a1835]: BUSY
[debug] [2020-01-23T14:36:09.627Z] [runtime-status] Functions runtime initialized. {"cwd":"/Users/swetabjahazra/Desktop/AAAAps/socialape-backend/functions","node_version":"12.12.0"}
[debug] [2020-01-23T14:36:09.629Z] [runtime-status] Disabled runtime features: {"functions_config_helper":true,"network_filtering":true,"timeout":true,"memory_limiting":true,"admin_stubs":true} {}
[debug] [2020-01-23T14:36:09.631Z] [runtime-status] Resolved module firebase-admin {"declared":true,"installed":true,"version":"8.7.0","resolution":"/Users/swetabjahazra/Desktop/AAAAps/socialape-backend/functions/node_modules/firebase-admin/lib/index.js"}
[debug] [2020-01-23T14:36:09.632Z] [runtime-status] Resolved module firebase-functions {"declared":true,"installed":true,"version":"3.3.0","resolution":"/Users/swetabjahazra/Desktop/AAAAps/socialape-backend/functions/node_modules/firebase-functions/lib/index.js"}
[debug] [2020-01-23T14:36:09.633Z] [runtime-status] Resolved module firebase-functions {"declared":true,"installed":true,"version":"3.3.0","resolution":"/Users/swetabjahazra/Desktop/AAAAps/socialape-backend/functions/node_modules/firebase-functions/lib/index.js"}
[debug] [2020-01-23T14:36:09.949Z] [runtime-status] Trigger "api" has been found, beginning invocation! {}
[info] i  functions: Beginning execution of "api"
[debug] [2020-01-23T14:36:09.950Z] [runtime-status]  {"httpsTrigger":{},"name":"api","entryPoint":"api"}
[debug] [2020-01-23T14:36:09.950Z] [runtime-status] Running api in mode HTTPS {}
[debug] [2020-01-23T14:36:09.956Z] {"socketPath":"/var/folders/5r/m4gt2p_15zz_bh_mb537lq0r0000gn/T/firebase_emulator_invocation_1850.sock"}
[debug] [2020-01-23T14:36:09.956Z] [functions] Runtime ready! Sending request! {"socketPath":"/var/folders/5r/m4gt2p_15zz_bh_mb537lq0r0000gn/T/firebase_emulator_invocation_1850.sock"}
[debug] [2020-01-23T14:36:09.974Z] [runtime-status] Ephemeral server used! {}
[debug] [2020-01-23T14:36:10.200Z] [runtime-status] Ephemeral server survived. {}
[info] >  [
[info] >    'animation',       'butt',
[info] >    'caramel',         'cars',
[info] >    'clean',           'coffee',
[info] >    'computerScience', 'cookies',
[info] >    'cryptocurrency',  'datascience',
[info] >    'dragons',         'esports',
[info] >    'flowers',         'gaming',
[info] >    'happiness',       'japan',
[info] >    'money',           'porsche',
[info] >    'pubg',            'singapore',
[info] >    'sugar',           'sushi',
[info] >    'test',            'tourism',
[info] >    'training'
[info] >  ]
[info] i  functions: Finished "api" in ~1s
[debug] [2020-01-23T14:36:10.895Z] [worker-api-7b0a0cb3-e2b5-49d5-bfa7-b940a23a1835]: IDLE
[debug] [2020-01-23T14:36:23.818Z] File /Users/swetabjahazra/Desktop/AAAAps/socialape-backend/functions/handlers/utilRoutes.js changed, reloading triggers
[debug] [2020-01-23T14:36:24.821Z] [worker-pool]: Shutting down IDLE worker (api)
[debug] [2020-01-23T14:36:24.826Z] [worker-~diagnostic~-154dee99-41f2-4e46-b84b-d103594397be]: BUSY
[debug] [2020-01-23T14:36:24.829Z] [worker-api-7b0a0cb3-e2b5-49d5-bfa7-b940a23a1835]: exited
[debug] [2020-01-23T14:36:24.829Z] [worker-api-7b0a0cb3-e2b5-49d5-bfa7-b940a23a1835]: FINISHED
[debug] [2020-01-23T14:36:25.031Z] [runtime-status] Functions runtime initialized. {"cwd":"/Users/swetabjahazra/Desktop/AAAAps/socialape-backend/functions","node_version":"12.12.0"}
[debug] [2020-01-23T14:36:25.033Z] [runtime-status] Disabled runtime features: {"functions_config_helper":true,"network_filtering":true,"timeout":true,"memory_limiting":true,"admin_stubs":true} {}
[debug] [2020-01-23T14:36:25.035Z] [runtime-status] Resolved module firebase-admin {"declared":true,"installed":true,"version":"8.7.0","resolution":"/Users/swetabjahazra/Desktop/AAAAps/socialape-backend/functions/node_modules/firebase-admin/lib/index.js"}
[debug] [2020-01-23T14:36:25.037Z] [runtime-status] Resolved module firebase-functions {"declared":true,"installed":true,"version":"3.3.0","resolution":"/Users/swetabjahazra/Desktop/AAAAps/socialape-backend/functions/node_modules/firebase-functions/lib/index.js"}
[debug] [2020-01-23T14:36:25.038Z] [runtime-status] Resolved module firebase-functions {"declared":true,"installed":true,"version":"3.3.0","resolution":"/Users/swetabjahazra/Desktop/AAAAps/socialape-backend/functions/node_modules/firebase-functions/lib/index.js"}
[debug] [2020-01-23T14:36:25.333Z] [worker-~diagnostic~-154dee99-41f2-4e46-b84b-d103594397be]: exited
[debug] [2020-01-23T14:36:25.333Z] [worker-~diagnostic~-154dee99-41f2-4e46-b84b-d103594397be]: FINISHED
[debug] [2020-01-23T14:36:28.346Z] Accepted request POST /socialape-d8699/us-central1/api/addScreamTags --> api
[debug] [2020-01-23T14:36:28.351Z] [worker-api-87104268-fec0-40e7-a28f-96059471b1e0]: BUSY
[debug] [2020-01-23T14:36:28.574Z] [runtime-status] Functions runtime initialized. {"cwd":"/Users/swetabjahazra/Desktop/AAAAps/socialape-backend/functions","node_version":"12.12.0"}
[debug] [2020-01-23T14:36:28.576Z] [runtime-status] Disabled runtime features: {"functions_config_helper":true,"network_filtering":true,"timeout":true,"memory_limiting":true,"admin_stubs":true} {}
[debug] [2020-01-23T14:36:28.578Z] [runtime-status] Resolved module firebase-admin {"declared":true,"installed":true,"version":"8.7.0","resolution":"/Users/swetabjahazra/Desktop/AAAAps/socialape-backend/functions/node_modules/firebase-admin/lib/index.js"}
[debug] [2020-01-23T14:36:28.579Z] [runtime-status] Resolved module firebase-functions {"declared":true,"installed":true,"version":"3.3.0","resolution":"/Users/swetabjahazra/Desktop/AAAAps/socialape-backend/functions/node_modules/firebase-functions/lib/index.js"}
[debug] [2020-01-23T14:36:28.580Z] [runtime-status] Resolved module firebase-functions {"declared":true,"installed":true,"version":"3.3.0","resolution":"/Users/swetabjahazra/Desktop/AAAAps/socialape-backend/functions/node_modules/firebase-functions/lib/index.js"}
[debug] [2020-01-23T14:36:28.900Z] [runtime-status] Trigger "api" has been found, beginning invocation! {}
[info] i  functions: Beginning execution of "api"
[debug] [2020-01-23T14:36:28.901Z] [runtime-status]  {"httpsTrigger":{},"name":"api","entryPoint":"api"}
[debug] [2020-01-23T14:36:28.901Z] [runtime-status] Running api in mode HTTPS {}
[debug] [2020-01-23T14:36:28.907Z] {"socketPath":"/var/folders/5r/m4gt2p_15zz_bh_mb537lq0r0000gn/T/firebase_emulator_invocation_1868.sock"}
[debug] [2020-01-23T14:36:28.908Z] [functions] Runtime ready! Sending request! {"socketPath":"/var/folders/5r/m4gt2p_15zz_bh_mb537lq0r0000gn/T/firebase_emulator_invocation_1868.sock"}
[debug] [2020-01-23T14:36:28.924Z] [runtime-status] Ephemeral server used! {}
[debug] [2020-01-23T14:36:29.129Z] [runtime-status] Ephemeral server survived. {}
[info] >  [ undefined, undefined, undefined, undefined ]
[info] >  Error: Update() requires either a single JavaScript object or an alternating list of field/value pairs that can be followed by an optional precondition. Value for argument "dataOrField" is not a valid Firestore value. Cannot use "undefined" as a Firestore value (found in field tagList.`0`).
[info] >      at WriteBatch.update (/Users/swetabjahazra/Desktop/AAAAps/socialape-backend/functions/node_modules/@google-cloud/firestore/build/src/write-batch.js:358:23)
[info] >      at DocumentReference.update (/Users/swetabjahazra/Desktop/AAAAps/socialape-backend/functions/node_modules/@google-cloud/firestore/build/src/reference.js:371:14)
[info] >      at /Users/swetabjahazra/Desktop/AAAAps/socialape-backend/functions/handlers/utilRoutes.js:102:17
[info] >      at QuerySnapshot.forEach (/Users/swetabjahazra/Desktop/AAAAps/socialape-backend/functions/node_modules/@google-cloud/firestore/build/src/reference.js:727:22)
[info] >      at /Users/swetabjahazra/Desktop/AAAAps/socialape-backend/functions/handlers/utilRoutes.js:95:16
[info] >      at processTicksAndRejections (internal/process/task_queues.js:93:5)
[info] >  [
[info] >    'animation',       'butt',
[info] >    'caramel',         'cars',
[info] >    'clean',           'coffee',
[info] >    'computerScience', 'cookies',
[info] >    'cryptocurrency',  'datascience',
[info] >    'dragons',         'esports',
[info] >    'flowers',         'gaming',
[info] >    'happiness',       'japan',
[info] >    'money',           'porsche',
[info] >    'pubg',            'singapore',
[info] >    'sugar',           'sushi',
[info] >    'test',            'tourism',
[info] >    'training'
[info] >  ]
[info] >  Error [ERR_HTTP_HEADERS_SENT]: Cannot set headers after they are sent to the client
[info] >      at ServerResponse.setHeader (_http_outgoing.js:485:11)
[info] >      at ServerResponse.header (/Users/swetabjahazra/Desktop/AAAAps/socialape-backend/functions/node_modules/express/lib/response.js:771:10)
[info] >      at ServerResponse.send (/Users/swetabjahazra/Desktop/AAAAps/socialape-backend/functions/node_modules/express/lib/response.js:170:12)
[info] >      at ServerResponse.json (/Users/swetabjahazra/Desktop/AAAAps/socialape-backend/functions/node_modules/express/lib/response.js:267:15)
[info] >      at /Users/swetabjahazra/Desktop/AAAAps/socialape-backend/functions/handlers/utilRoutes.js:84:30
[info] >      at processTicksAndRejections (internal/process/task_queues.js:93:5) {
[info] >    code: 'ERR_HTTP_HEADERS_SENT'
[info] >  }
[info] >  (node:1868) UnhandledPromiseRejectionWarning: Error [ERR_HTTP_HEADERS_SENT]: Cannot set headers after they are sent to the client
[info] >      at ServerResponse.setHeader (_http_outgoing.js:485:11)
[info] >      at ServerResponse.header (/Users/swetabjahazra/Desktop/AAAAps/socialape-backend/functions/node_modules/express/lib/response.js:771:10)
[info] >      at ServerResponse.send (/Users/swetabjahazra/Desktop/AAAAps/socialape-backend/functions/node_modules/express/lib/response.js:170:12)
[info] >      at ServerResponse.json (/Users/swetabjahazra/Desktop/AAAAps/socialape-backend/functions/node_modules/express/lib/response.js:267:15)
[info] >      at /Users/swetabjahazra/Desktop/AAAAps/socialape-backend/functions/handlers/utilRoutes.js:88:30
[info] >      at processTicksAndRejections (internal/process/task_queues.js:93:5)
[info] >  (node:1868) UnhandledPromiseRejectionWarning: Unhandled promise rejection. This error originated either by throwing inside of an async function without a catch block, or by rejecting a promise which was not handled with .catch(). (rejection id: 1)
[info] >  (node:1868) [DEP0018] DeprecationWarning: Unhandled promise rejections are deprecated. In the future, promise rejections that are not handled will terminate the Node.js process with a non-zero exit code.
[info] i  functions: Finished "api" in ~1s
[debug] [2020-01-23T14:36:29.939Z] [worker-api-87104268-fec0-40e7-a28f-96059471b1e0]: IDLE
[debug] [2020-01-23T14:37:10.034Z] File /Users/swetabjahazra/Desktop/AAAAps/socialape-backend/functions/handlers/utilRoutes.js changed, reloading triggers
[debug] [2020-01-23T14:37:11.037Z] [worker-pool]: Shutting down IDLE worker (api)
[debug] [2020-01-23T14:37:11.041Z] [worker-~diagnostic~-3b9bb4f0-f817-460b-ac9d-3d2c5497d4cd]: BUSY
[debug] [2020-01-23T14:37:11.045Z] [worker-api-87104268-fec0-40e7-a28f-96059471b1e0]: exited
[debug] [2020-01-23T14:37:11.045Z] [worker-api-87104268-fec0-40e7-a28f-96059471b1e0]: FINISHED
[debug] [2020-01-23T14:37:11.239Z] [runtime-status] Functions runtime initialized. {"cwd":"/Users/swetabjahazra/Desktop/AAAAps/socialape-backend/functions","node_version":"12.12.0"}
[debug] [2020-01-23T14:37:11.241Z] [runtime-status] Disabled runtime features: {"functions_config_helper":true,"network_filtering":true,"timeout":true,"memory_limiting":true,"admin_stubs":true} {}
[debug] [2020-01-23T14:37:11.243Z] [runtime-status] Resolved module firebase-admin {"declared":true,"installed":true,"version":"8.7.0","resolution":"/Users/swetabjahazra/Desktop/AAAAps/socialape-backend/functions/node_modules/firebase-admin/lib/index.js"}
[debug] [2020-01-23T14:37:11.244Z] [runtime-status] Resolved module firebase-functions {"declared":true,"installed":true,"version":"3.3.0","resolution":"/Users/swetabjahazra/Desktop/AAAAps/socialape-backend/functions/node_modules/firebase-functions/lib/index.js"}
[debug] [2020-01-23T14:37:11.244Z] [runtime-status] Resolved module firebase-functions {"declared":true,"installed":true,"version":"3.3.0","resolution":"/Users/swetabjahazra/Desktop/AAAAps/socialape-backend/functions/node_modules/firebase-functions/lib/index.js"}
[debug] [2020-01-23T14:37:11.555Z] [worker-~diagnostic~-3b9bb4f0-f817-460b-ac9d-3d2c5497d4cd]: exited
[debug] [2020-01-23T14:37:11.555Z] [worker-~diagnostic~-3b9bb4f0-f817-460b-ac9d-3d2c5497d4cd]: FINISHED
[debug] [2020-01-23T14:37:11.596Z] Accepted request POST /socialape-d8699/us-central1/api/addScreamTags --> api
[debug] [2020-01-23T14:37:11.604Z] [worker-api-ef76dc7e-7254-4fe7-b82e-ee8ffe1880d9]: BUSY
[debug] [2020-01-23T14:37:11.837Z] [runtime-status] Functions runtime initialized. {"cwd":"/Users/swetabjahazra/Desktop/AAAAps/socialape-backend/functions","node_version":"12.12.0"}
[debug] [2020-01-23T14:37:11.838Z] [runtime-status] Disabled runtime features: {"functions_config_helper":true,"network_filtering":true,"timeout":true,"memory_limiting":true,"admin_stubs":true} {}
[debug] [2020-01-23T14:37:11.840Z] [runtime-status] Resolved module firebase-admin {"declared":true,"installed":true,"version":"8.7.0","resolution":"/Users/swetabjahazra/Desktop/AAAAps/socialape-backend/functions/node_modules/firebase-admin/lib/index.js"}
[debug] [2020-01-23T14:37:11.841Z] [runtime-status] Resolved module firebase-functions {"declared":true,"installed":true,"version":"3.3.0","resolution":"/Users/swetabjahazra/Desktop/AAAAps/socialape-backend/functions/node_modules/firebase-functions/lib/index.js"}
[debug] [2020-01-23T14:37:11.842Z] [runtime-status] Resolved module firebase-functions {"declared":true,"installed":true,"version":"3.3.0","resolution":"/Users/swetabjahazra/Desktop/AAAAps/socialape-backend/functions/node_modules/firebase-functions/lib/index.js"}
[debug] [2020-01-23T14:37:12.166Z] [runtime-status] Trigger "api" has been found, beginning invocation! {}
[info] i  functions: Beginning execution of "api"
[debug] [2020-01-23T14:37:12.166Z] [runtime-status]  {"httpsTrigger":{},"name":"api","entryPoint":"api"}
[debug] [2020-01-23T14:37:12.166Z] [runtime-status] Running api in mode HTTPS {}
[debug] [2020-01-23T14:37:12.177Z] {"socketPath":"/var/folders/5r/m4gt2p_15zz_bh_mb537lq0r0000gn/T/firebase_emulator_invocation_1870.sock"}
[debug] [2020-01-23T14:37:12.177Z] [functions] Runtime ready! Sending request! {"socketPath":"/var/folders/5r/m4gt2p_15zz_bh_mb537lq0r0000gn/T/firebase_emulator_invocation_1870.sock"}
[debug] [2020-01-23T14:37:12.192Z] [runtime-status] Ephemeral server used! {}
[debug] [2020-01-23T14:37:12.403Z] [runtime-status] Ephemeral server survived. {}
[info] >  [
[info] >    'animation',       'butt',
[info] >    'caramel',         'cars',
[info] >    'clean',           'coffee',
[info] >    'computerScience', 'cookies',
[info] >    'cryptocurrency',  'datascience',
[info] >    'dragons',         'esports',
[info] >    'flowers',         'gaming',
[info] >    'happiness',       'japan',
[info] >    'money',           'porsche',
[info] >    'pubg',            'singapore',
[info] >    'sugar',           'sushi',
[info] >    'test',            'tourism',
[info] >    'training'
[info] >  ]
[info] i  functions: Finished "api" in ~1s
[debug] [2020-01-23T14:37:13.286Z] [worker-api-ef76dc7e-7254-4fe7-b82e-ee8ffe1880d9]: IDLE
[debug] [2020-01-23T14:38:00.916Z] File /Users/swetabjahazra/Desktop/AAAAps/socialape-backend/functions/handlers/utilRoutes.js changed, reloading triggers
[debug] [2020-01-23T14:38:01.918Z] [worker-pool]: Shutting down IDLE worker (api)
[debug] [2020-01-23T14:38:01.923Z] [worker-~diagnostic~-568a8c6f-8d0e-4295-a7f1-cefe3b0739ac]: BUSY
[debug] [2020-01-23T14:38:01.926Z] [worker-api-ef76dc7e-7254-4fe7-b82e-ee8ffe1880d9]: exited
[debug] [2020-01-23T14:38:01.926Z] [worker-api-ef76dc7e-7254-4fe7-b82e-ee8ffe1880d9]: FINISHED
[debug] [2020-01-23T14:38:02.124Z] [runtime-status] Functions runtime initialized. {"cwd":"/Users/swetabjahazra/Desktop/AAAAps/socialape-backend/functions","node_version":"12.12.0"}
[debug] [2020-01-23T14:38:02.126Z] [runtime-status] Disabled runtime features: {"functions_config_helper":true,"network_filtering":true,"timeout":true,"memory_limiting":true,"admin_stubs":true} {}
[debug] [2020-01-23T14:38:02.127Z] [runtime-status] Resolved module firebase-admin {"declared":true,"installed":true,"version":"8.7.0","resolution":"/Users/swetabjahazra/Desktop/AAAAps/socialape-backend/functions/node_modules/firebase-admin/lib/index.js"}
[debug] [2020-01-23T14:38:02.128Z] [runtime-status] Resolved module firebase-functions {"declared":true,"installed":true,"version":"3.3.0","resolution":"/Users/swetabjahazra/Desktop/AAAAps/socialape-backend/functions/node_modules/firebase-functions/lib/index.js"}
[debug] [2020-01-23T14:38:02.129Z] [runtime-status] Resolved module firebase-functions {"declared":true,"installed":true,"version":"3.3.0","resolution":"/Users/swetabjahazra/Desktop/AAAAps/socialape-backend/functions/node_modules/firebase-functions/lib/index.js"}
[debug] [2020-01-23T14:38:02.408Z] [worker-~diagnostic~-568a8c6f-8d0e-4295-a7f1-cefe3b0739ac]: exited
[debug] [2020-01-23T14:38:02.408Z] [worker-~diagnostic~-568a8c6f-8d0e-4295-a7f1-cefe3b0739ac]: FINISHED
[debug] [2020-01-23T14:38:02.785Z] Accepted request POST /socialape-d8699/us-central1/api/addScreamTags --> api
[debug] [2020-01-23T14:38:02.790Z] [worker-api-7f7176a0-934e-4956-ab30-17be04342e53]: BUSY
[debug] [2020-01-23T14:38:03.010Z] [runtime-status] Functions runtime initialized. {"cwd":"/Users/swetabjahazra/Desktop/AAAAps/socialape-backend/functions","node_version":"12.12.0"}
[debug] [2020-01-23T14:38:03.012Z] [runtime-status] Disabled runtime features: {"functions_config_helper":true,"network_filtering":true,"timeout":true,"memory_limiting":true,"admin_stubs":true} {}
[debug] [2020-01-23T14:38:03.013Z] [runtime-status] Resolved module firebase-admin {"declared":true,"installed":true,"version":"8.7.0","resolution":"/Users/swetabjahazra/Desktop/AAAAps/socialape-backend/functions/node_modules/firebase-admin/lib/index.js"}
[debug] [2020-01-23T14:38:03.014Z] [runtime-status] Resolved module firebase-functions {"declared":true,"installed":true,"version":"3.3.0","resolution":"/Users/swetabjahazra/Desktop/AAAAps/socialape-backend/functions/node_modules/firebase-functions/lib/index.js"}
[debug] [2020-01-23T14:38:03.016Z] [runtime-status] Resolved module firebase-functions {"declared":true,"installed":true,"version":"3.3.0","resolution":"/Users/swetabjahazra/Desktop/AAAAps/socialape-backend/functions/node_modules/firebase-functions/lib/index.js"}
[debug] [2020-01-23T14:38:03.324Z] [runtime-status] Trigger "api" has been found, beginning invocation! {}
[info] i  functions: Beginning execution of "api"
[debug] [2020-01-23T14:38:03.325Z] [runtime-status]  {"httpsTrigger":{},"name":"api","entryPoint":"api"}
[debug] [2020-01-23T14:38:03.325Z] [runtime-status] Running api in mode HTTPS {}
[debug] [2020-01-23T14:38:03.334Z] {"socketPath":"/var/folders/5r/m4gt2p_15zz_bh_mb537lq0r0000gn/T/firebase_emulator_invocation_1880.sock"}
[debug] [2020-01-23T14:38:03.335Z] [functions] Runtime ready! Sending request! {"socketPath":"/var/folders/5r/m4gt2p_15zz_bh_mb537lq0r0000gn/T/firebase_emulator_invocation_1880.sock"}
[debug] [2020-01-23T14:38:03.348Z] [runtime-status] Ephemeral server used! {}
[debug] [2020-01-23T14:38:03.540Z] [runtime-status] Ephemeral server survived. {}
[info] >  [
[info] >    'cookies',
[info] >    'computerScience',
[info] >    'money',
[info] >    'tourism',
[info] >    'dragons',
[info] >    'computerScience'
[info] >  ]
[info] >  [ 'clean', 'animation', 'caramel', 'money', 'animation', 'animation' ]
[info] >  [ 'training', 'esports', 'butt', 'sugar', 'pubg' ]
[info] >  [ 'test', 'sushi', 'cars', 'tourism', 'singapore' ]
[info] >  [ 'gaming', 'cookies', 'datascience', 'esports' ]
[info] >  [
[info] >    'singapore',
[info] >    'esports',
[info] >    'cryptocurrency',
[info] >    'dragons',
[info] >    'training',
[info] >    'pubg'
[info] >  ]
[info] >  [ 'cryptocurrency', 'tourism', 'cars', 'butt' ]
[info] >  [
[info] >    'happiness',
[info] >    'sugar',
[info] >    'tourism',
[info] >    'dragons',
[info] >    'singapore',
[info] >    'happiness'
[info] >  ]
[info] >  [ 'cookies', 'esports', 'sugar', 'japan' ]
[info] >  [ 'training', 'cookies', 'coffee', 'datascience' ]
[info] >  [ 'esports', 'computerScience', 'esports', 'pubg', 'dragons' ]
[info] >  [ 'money', 'butt', 'happiness', 'sushi', 'happiness', 'datascience' ]
[info] >  [ 'cars', 'sugar', 'happiness', 'cars' ]
[info] >  [ 'cryptocurrency', 'clean', 'porsche', 'tourism', 'money', 'pubg' ]
[info] >  [ 'happiness', 'dragons', 'training', 'computerScience' ]
[info] >  [ 'flowers', 'training', 'coffee', 'gaming' ]
[info] >  [ 'gaming', 'singapore', 'happiness', 'money', 'esports', 'cars' ]
[info] >  [ 'money', 'happiness', 'butt', 'clean' ]
[info] >  [ 'animation', 'flowers', 'cars', 'datascience', 'sugar' ]
[info] >  [
[info] >    'training',
[info] >    'animation',
[info] >    'computerScience',
[info] >    'caramel',
[info] >    'coffee',
[info] >    'datascience'
[info] >  ]
[info] >  [ 'flowers', 'butt', 'gaming', 'animation' ]
[info] >  [ 'sugar', 'gaming', 'porsche', 'pubg', 'sushi' ]
[info] >  [ 'sushi', 'pubg', 'esports', 'butt', 'butt', 'gaming' ]
[info] >  [ 'training', 'porsche', 'computerScience', 'cookies' ]
[info] >  [ 'caramel', 'animation', 'gaming', 'test' ]
[info] i  functions: Finished "api" in ~1s
[debug] [2020-01-23T14:38:04.336Z] [worker-api-7f7176a0-934e-4956-ab30-17be04342e53]: IDLE
